--> Simulation 16
SAVED:{phase1_fitness=0.849021}

SAVED:{phase2_fitness=0.870477}

SAVED:{phase3_fitness=0.863026}

SAVED:{phase1_final_pop_size=4489}

SAVED:{phase2_final_pop_size=40}

SAVED:{phase3_final_pop_size=4030}

SAVED:{phase1_sum_del_coeffs=-0.0186001}

SAVED:{phase2_sum_del_coeffs=-0.223125}

SAVED:{phase3_sum_del_coeffs=-0.228579}

--> Simulation 22
SAVED:{phase1_fitness=0.851908}

SAVED:{phase2_fitness=0.974593}

SAVED:{phase3_fitness=0.872665}

SAVED:{phase1_final_pop_size=4449}

SAVED:{phase2_final_pop_size=41}

SAVED:{phase3_final_pop_size=4355}

SAVED:{phase1_sum_del_coeffs=-0.0190128}

SAVED:{phase2_sum_del_coeffs=-0.140854}

SAVED:{phase3_sum_del_coeffs=-0.103881}

--> Simulation 31
SAVED:{phase1_fitness=0.858469}

SAVED:{phase2_fitness=1.0115}

SAVED:{phase3_fitness=0.852331}

SAVED:{phase1_final_pop_size=4487}

SAVED:{phase2_final_pop_size=36}

SAVED:{phase3_final_pop_size=3717}

SAVED:{phase1_sum_del_coeffs=-0.0176895}

SAVED:{phase2_sum_del_coeffs=-0.402694}

SAVED:{phase3_sum_del_coeffs=-0.375002}

--> Simulation 1
SAVED:{phase1_fitness=0.856134}

SAVED:{phase2_fitness=0.741491}

SAVED:{phase3_fitness=0.859821}

SAVED:{phase1_final_pop_size=4495}

SAVED:{phase2_final_pop_size=39}

SAVED:{phase3_final_pop_size=4034}

SAVED:{phase1_sum_del_coeffs=-0.0183744}

SAVED:{phase2_sum_del_coeffs=-0.203}

SAVED:{phase3_sum_del_coeffs=-0.214515}

--> Simulation 19
SAVED:{phase1_fitness=0.851421}

SAVED:{phase2_fitness=0.811083}

SAVED:{phase3_fitness=0.85003}

SAVED:{phase1_final_pop_size=4461}

SAVED:{phase2_final_pop_size=39}

SAVED:{phase3_final_pop_size=4154}

SAVED:{phase1_sum_del_coeffs=-0.0199612}

SAVED:{phase2_sum_del_coeffs=-0.164231}

SAVED:{phase3_sum_del_coeffs=-0.173234}

--> Simulation 28
SAVED:{phase1_fitness=0.858725}

SAVED:{phase2_fitness=0.947544}

SAVED:{phase3_fitness=0.855922}

SAVED:{phase1_final_pop_size=4451}

SAVED:{phase2_final_pop_size=42}

SAVED:{phase3_final_pop_size=4121}

SAVED:{phase1_sum_del_coeffs=-0.0193644}

SAVED:{phase2_sum_del_coeffs=-0.200667}

SAVED:{phase3_sum_del_coeffs=-0.200729}

--> Simulation 34
SAVED:{phase1_fitness=0.848637}

SAVED:{phase2_fitness=0.981993}

SAVED:{phase3_fitness=0.864095}

SAVED:{phase1_final_pop_size=4459}

SAVED:{phase2_final_pop_size=38}

SAVED:{phase3_final_pop_size=4032}

SAVED:{phase1_sum_del_coeffs=-0.0172339}

SAVED:{phase2_sum_del_coeffs=-0.254211}

SAVED:{phase3_sum_del_coeffs=-0.243125}

--> Simulation 7
SAVED:{phase1_fitness=0.853867}

SAVED:{phase2_fitness=0.966816}

SAVED:{phase3_fitness=0.854392}

SAVED:{phase1_final_pop_size=4460}

SAVED:{phase2_final_pop_size=41}

SAVED:{phase3_final_pop_size=3925}

SAVED:{phase1_sum_del_coeffs=-0.0179818}

SAVED:{phase2_sum_del_coeffs=-0.281537}

SAVED:{phase3_sum_del_coeffs=-0.27272}

--> Simulation 25
SAVED:{phase1_fitness=0.859435}

SAVED:{phase2_fitness=0.749628}

SAVED:{phase3_fitness=0.874079}

SAVED:{phase1_final_pop_size=4448}

SAVED:{phase2_final_pop_size=46}

SAVED:{phase3_final_pop_size=4072}

SAVED:{phase1_sum_del_coeffs=-0.0193633}

SAVED:{phase2_sum_del_coeffs=-0.222022}

SAVED:{phase3_sum_del_coeffs=-0.228667}

--> Simulation 13
SAVED:{phase1_fitness=0.863187}

SAVED:{phase2_fitness=1.11504}

SAVED:{phase3_fitness=0.872911}

SAVED:{phase1_final_pop_size=4490}

SAVED:{phase2_final_pop_size=36}

SAVED:{phase3_final_pop_size=4050}

SAVED:{phase1_sum_del_coeffs=-0.0186459}

SAVED:{phase2_sum_del_coeffs=-0.217778}

SAVED:{phase3_sum_del_coeffs=-0.215087}

--> Simulation 4
SAVED:{phase1_fitness=0.846572}

SAVED:{phase2_fitness=0.910021}

SAVED:{phase3_fitness=0.853465}

SAVED:{phase1_final_pop_size=4439}

SAVED:{phase2_final_pop_size=34}

SAVED:{phase3_final_pop_size=3949}

SAVED:{phase1_sum_del_coeffs=-0.0167675}

SAVED:{phase2_sum_del_coeffs=-0.284118}

SAVED:{phase3_sum_del_coeffs=-0.271412}

--> Simulation 10
SAVED:{phase1_fitness=0.856983}

SAVED:{phase2_fitness=0.809464}

SAVED:{phase3_fitness=0.840752}

SAVED:{phase1_final_pop_size=4517}

SAVED:{phase2_final_pop_size=36}

SAVED:{phase3_final_pop_size=4065}

SAVED:{phase1_sum_del_coeffs=-0.0178944}

SAVED:{phase2_sum_del_coeffs=-0.241306}

SAVED:{phase3_sum_del_coeffs=-0.215023}

--> Simulation 32
SAVED:{phase1_fitness=0.867159}

SAVED:{phase2_fitness=1.00517}

SAVED:{phase3_fitness=0.862478}

SAVED:{phase1_final_pop_size=4484}

SAVED:{phase2_final_pop_size=37}

SAVED:{phase3_final_pop_size=3963}

SAVED:{phase1_sum_del_coeffs=-0.0169302}

SAVED:{phase2_sum_del_coeffs=-0.29173}

SAVED:{phase3_sum_del_coeffs=-0.254876}

--> Simulation 29
SAVED:{phase1_fitness=0.870135}

SAVED:{phase2_fitness=0.843112}

SAVED:{phase3_fitness=0.862001}

SAVED:{phase1_final_pop_size=4526}

SAVED:{phase2_final_pop_size=43}

SAVED:{phase3_final_pop_size=4078}

SAVED:{phase1_sum_del_coeffs=-0.0161328}

SAVED:{phase2_sum_del_coeffs=-0.203488}

SAVED:{phase3_sum_del_coeffs=-0.198939}

--> Simulation 23
SAVED:{phase1_fitness=0.865651}

SAVED:{phase2_fitness=0.879434}

SAVED:{phase3_fitness=0.857551}

SAVED:{phase1_final_pop_size=4518}

SAVED:{phase2_final_pop_size=43}

SAVED:{phase3_final_pop_size=4143}

SAVED:{phase1_sum_del_coeffs=-0.0178889}

SAVED:{phase2_sum_del_coeffs=-0.206256}

SAVED:{phase3_sum_del_coeffs=-0.172494}

--> Simulation 17
SAVED:{phase1_fitness=0.85981}

SAVED:{phase2_fitness=0.809938}

SAVED:{phase3_fitness=0.845465}

SAVED:{phase1_final_pop_size=4494}

SAVED:{phase2_final_pop_size=44}

SAVED:{phase3_final_pop_size=3940}

SAVED:{phase1_sum_del_coeffs=-0.0176947}

SAVED:{phase2_sum_del_coeffs=-0.270295}

SAVED:{phase3_sum_del_coeffs=-0.275223}

--> Simulation 2
SAVED:{phase1_fitness=0.864186}

SAVED:{phase2_fitness=1.00681}

SAVED:{phase3_fitness=0.866105}

SAVED:{phase1_final_pop_size=4520}

SAVED:{phase2_final_pop_size=38}

SAVED:{phase3_final_pop_size=3960}

SAVED:{phase1_sum_del_coeffs=-0.0180575}

SAVED:{phase2_sum_del_coeffs=-0.284053}

SAVED:{phase3_sum_del_coeffs=-0.269281}

--> Simulation 20
SAVED:{phase1_fitness=0.860431}

SAVED:{phase2_fitness=0.768045}

SAVED:{phase3_fitness=0.865762}

SAVED:{phase1_final_pop_size=4503}

SAVED:{phase2_final_pop_size=41}

SAVED:{phase3_final_pop_size=4048}

SAVED:{phase1_sum_del_coeffs=-0.0197346}

SAVED:{phase2_sum_del_coeffs=-0.213927}

SAVED:{phase3_sum_del_coeffs=-0.215354}

--> Simulation 26
SAVED:{phase1_fitness=0.84096}

SAVED:{phase2_fitness=0.896534}

SAVED:{phase3_fitness=0.856335}

SAVED:{phase1_final_pop_size=4475}

SAVED:{phase2_final_pop_size=35}

SAVED:{phase3_final_pop_size=3852}

SAVED:{phase1_sum_del_coeffs=-0.0194936}

SAVED:{phase2_sum_del_coeffs=-0.3074}

SAVED:{phase3_sum_del_coeffs=-0.309367}

--> Simulation 5
SAVED:{phase1_fitness=0.866855}

SAVED:{phase2_fitness=0.974496}

SAVED:{phase3_fitness=0.853336}

SAVED:{phase1_final_pop_size=4482}

SAVED:{phase2_final_pop_size=40}

SAVED:{phase3_final_pop_size=3994}

SAVED:{phase1_sum_del_coeffs=-0.0182372}

SAVED:{phase2_sum_del_coeffs=-0.230475}

SAVED:{phase3_sum_del_coeffs=-0.228361}

--> Simulation 35
SAVED:{phase1_fitness=0.848505}

SAVED:{phase2_fitness=0.850897}

SAVED:{phase3_fitness=0.877205}

SAVED:{phase1_final_pop_size=4487}

SAVED:{phase2_final_pop_size=44}

SAVED:{phase3_final_pop_size=4162}

SAVED:{phase1_sum_del_coeffs=-0.0181997}

SAVED:{phase2_sum_del_coeffs=-0.160045}

SAVED:{phase3_sum_del_coeffs=-0.157936}

--> Simulation 8
SAVED:{phase1_fitness=0.851962}

SAVED:{phase2_fitness=0.954721}

SAVED:{phase3_fitness=0.852729}

SAVED:{phase1_final_pop_size=4482}

SAVED:{phase2_final_pop_size=41}

SAVED:{phase3_final_pop_size=4147}

SAVED:{phase1_sum_del_coeffs=-0.017803}

SAVED:{phase2_sum_del_coeffs=-0.187122}

SAVED:{phase3_sum_del_coeffs=-0.171707}

--> Simulation 14
SAVED:{phase1_fitness=0.850276}

SAVED:{phase2_fitness=0.784521}

SAVED:{phase3_fitness=0.844416}

SAVED:{phase1_final_pop_size=4500}

SAVED:{phase2_final_pop_size=45}

SAVED:{phase3_final_pop_size=4149}

SAVED:{phase1_sum_del_coeffs=-0.0200651}

SAVED:{phase2_sum_del_coeffs=-0.202378}

SAVED:{phase3_sum_del_coeffs=-0.185668}

--> Simulation 11
SAVED:{phase1_fitness=0.8507}

SAVED:{phase2_fitness=0.956718}

SAVED:{phase3_fitness=0.857113}

SAVED:{phase1_final_pop_size=4478}

SAVED:{phase2_final_pop_size=40}

SAVED:{phase3_final_pop_size=4064}

SAVED:{phase1_sum_del_coeffs=-0.017933}

SAVED:{phase2_sum_del_coeffs=-0.225925}

SAVED:{phase3_sum_del_coeffs=-0.214029}

--> Simulation 18
SAVED:{phase1_fitness=0.858436}

SAVED:{phase2_fitness=0.960163}

SAVED:{phase3_fitness=0.859462}

SAVED:{phase1_final_pop_size=4451}

SAVED:{phase2_final_pop_size=39}

SAVED:{phase3_final_pop_size=3965}

SAVED:{phase1_sum_del_coeffs=-0.0198079}

SAVED:{phase2_sum_del_coeffs=-0.304051}

SAVED:{phase3_sum_del_coeffs=-0.282945}

--> Simulation 30
SAVED:{phase1_fitness=0.853019}

SAVED:{phase2_fitness=0.826527}

SAVED:{phase3_fitness=0.871597}

SAVED:{phase1_final_pop_size=4480}

SAVED:{phase2_final_pop_size=38}

SAVED:{phase3_final_pop_size=4078}

SAVED:{phase1_sum_del_coeffs=-0.0195859}

SAVED:{phase2_sum_del_coeffs=-0.260842}

SAVED:{phase3_sum_del_coeffs=-0.213023}

--> Simulation 33
SAVED:{phase1_fitness=0.861069}

SAVED:{phase2_fitness=1.00578}

SAVED:{phase3_fitness=0.859541}

SAVED:{phase1_final_pop_size=4473}

SAVED:{phase2_final_pop_size=38}

SAVED:{phase3_final_pop_size=4062}

SAVED:{phase1_sum_del_coeffs=-0.0188764}

SAVED:{phase2_sum_del_coeffs=-0.237079}

SAVED:{phase3_sum_del_coeffs=-0.213945}

--> Simulation 21
SAVED:{phase1_fitness=0.848063}

SAVED:{phase2_fitness=0.923401}

SAVED:{phase3_fitness=0.846867}

SAVED:{phase1_final_pop_size=4506}

SAVED:{phase2_final_pop_size=40}

SAVED:{phase3_final_pop_size=4052}

SAVED:{phase1_sum_del_coeffs=-0.0191218}

SAVED:{phase2_sum_del_coeffs=-0.24535}

SAVED:{phase3_sum_del_coeffs=-0.228695}

--> Simulation 27
SAVED:{phase1_fitness=0.850413}

SAVED:{phase2_fitness=0.85319}

SAVED:{phase3_fitness=0.850264}

SAVED:{phase1_final_pop_size=4463}

SAVED:{phase2_final_pop_size=37}

SAVED:{phase3_final_pop_size=4182}

SAVED:{phase1_sum_del_coeffs=-0.0212494}

SAVED:{phase2_sum_del_coeffs=-0.149649}

SAVED:{phase3_sum_del_coeffs=-0.158983}

--> Simulation 24
SAVED:{phase1_fitness=0.855866}

SAVED:{phase2_fitness=0.960867}

SAVED:{phase3_fitness=0.846734}

SAVED:{phase1_final_pop_size=4507}

SAVED:{phase2_final_pop_size=38}

SAVED:{phase3_final_pop_size=3892}

SAVED:{phase1_sum_del_coeffs=-0.0198584}

SAVED:{phase2_sum_del_coeffs=-0.340974}

SAVED:{phase3_sum_del_coeffs=-0.298232}

--> Simulation 9
SAVED:{phase1_fitness=0.852813}

SAVED:{phase2_fitness=0.821713}

SAVED:{phase3_fitness=0.870237}

SAVED:{phase1_final_pop_size=4483}

SAVED:{phase2_final_pop_size=35}

SAVED:{phase3_final_pop_size=4011}

SAVED:{phase1_sum_del_coeffs=-0.0191263}

SAVED:{phase2_sum_del_coeffs=-0.2194}

SAVED:{phase3_sum_del_coeffs=-0.227953}

--> Simulation 3
SAVED:{phase1_fitness=0.850328}

SAVED:{phase2_fitness=0.708847}

SAVED:{phase3_fitness=0.852516}

SAVED:{phase1_final_pop_size=4523}

SAVED:{phase2_final_pop_size=44}

SAVED:{phase3_final_pop_size=4131}

SAVED:{phase1_sum_del_coeffs=-0.0186878}

SAVED:{phase2_sum_del_coeffs=-0.176432}

SAVED:{phase3_sum_del_coeffs=-0.17325}

--> Simulation 6
SAVED:{phase1_fitness=0.869284}

SAVED:{phase2_fitness=0.824889}

SAVED:{phase3_fitness=0.876049}

SAVED:{phase1_final_pop_size=4443}

SAVED:{phase2_final_pop_size=40}

SAVED:{phase3_final_pop_size=4149}

SAVED:{phase1_sum_del_coeffs=-0.0179435}

SAVED:{phase2_sum_del_coeffs=-0.1743}

SAVED:{phase3_sum_del_coeffs=-0.173396}

--> Simulation 15
SAVED:{phase1_fitness=0.863167}

SAVED:{phase2_fitness=0.781929}

SAVED:{phase3_fitness=0.856986}

SAVED:{phase1_final_pop_size=4503}

SAVED:{phase2_final_pop_size=36}

SAVED:{phase3_final_pop_size=3905}

SAVED:{phase1_sum_del_coeffs=-0.0173484}

SAVED:{phase2_sum_del_coeffs=-0.284278}

SAVED:{phase3_sum_del_coeffs=-0.299822}

--> Simulation 36
SAVED:{phase1_fitness=0.850894}

SAVED:{phase2_fitness=0.93196}

SAVED:{phase3_fitness=0.85938}

SAVED:{phase1_final_pop_size=4538}

SAVED:{phase2_final_pop_size=36}

SAVED:{phase3_final_pop_size=3915}

SAVED:{phase1_sum_del_coeffs=-0.0190826}

SAVED:{phase2_sum_del_coeffs=-0.301}

SAVED:{phase3_sum_del_coeffs=-0.284273}

--> Simulation 12
SAVED:{phase1_fitness=0.867094}

SAVED:{phase2_fitness=0.846977}

SAVED:{phase3_fitness=0.846443}

SAVED:{phase1_final_pop_size=4502}

SAVED:{phase2_final_pop_size=44}

SAVED:{phase3_final_pop_size=3921}

SAVED:{phase1_sum_del_coeffs=-0.0181328}

SAVED:{phase2_sum_del_coeffs=-0.262818}

SAVED:{phase3_sum_del_coeffs=-0.272402}

--> Simulation 37
SAVED:{phase1_fitness=0.860477}

SAVED:{phase2_fitness=0.848497}

SAVED:{phase3_fitness=0.863844}

SAVED:{phase1_final_pop_size=4474}

SAVED:{phase2_final_pop_size=39}

SAVED:{phase3_final_pop_size=3926}

SAVED:{phase1_sum_del_coeffs=-0.0194119}

SAVED:{phase2_sum_del_coeffs=-0.308897}

SAVED:{phase3_sum_del_coeffs=-0.284308}

--> Simulation 46
SAVED:{phase1_fitness=0.868463}

SAVED:{phase2_fitness=1.05897}

SAVED:{phase3_fitness=0.850517}

SAVED:{phase1_final_pop_size=4484}

SAVED:{phase2_final_pop_size=38}

SAVED:{phase3_final_pop_size=4088}

SAVED:{phase1_sum_del_coeffs=-0.0182072}

SAVED:{phase2_sum_del_coeffs=-0.197842}

SAVED:{phase3_sum_del_coeffs=-0.200928}

--> Simulation 49
SAVED:{phase1_fitness=0.839667}

SAVED:{phase2_fitness=0.967761}

SAVED:{phase3_fitness=0.857947}

SAVED:{phase1_final_pop_size=4455}

SAVED:{phase2_final_pop_size=41}

SAVED:{phase3_final_pop_size=4084}

SAVED:{phase1_sum_del_coeffs=-0.0183681}

SAVED:{phase2_sum_del_coeffs=-0.230488}

SAVED:{phase3_sum_del_coeffs=-0.202338}

--> Simulation 52
SAVED:{phase1_fitness=0.862253}

SAVED:{phase2_fitness=0.838992}

SAVED:{phase3_fitness=0.867605}

SAVED:{phase1_final_pop_size=4484}

SAVED:{phase2_final_pop_size=42}

SAVED:{phase3_final_pop_size=4135}

SAVED:{phase1_sum_del_coeffs=-0.0176249}

SAVED:{phase2_sum_del_coeffs=-0.1905}

SAVED:{phase3_sum_del_coeffs=-0.186158}

--> Simulation 40
SAVED:{phase1_fitness=0.864235}

SAVED:{phase2_fitness=0.927633}

SAVED:{phase3_fitness=0.862969}

SAVED:{phase1_final_pop_size=4485}

SAVED:{phase2_final_pop_size=42}

SAVED:{phase3_final_pop_size=4166}

SAVED:{phase1_sum_del_coeffs=-0.0173338}

SAVED:{phase2_sum_del_coeffs=-0.183333}

SAVED:{phase3_sum_del_coeffs=-0.18503}

--> Simulation 58
SAVED:{phase1_fitness=0.857812}

SAVED:{phase2_fitness=0.86251}

SAVED:{phase3_fitness=0.868105}

SAVED:{phase1_final_pop_size=4451}

SAVED:{phase2_final_pop_size=41}

SAVED:{phase3_final_pop_size=4215}

SAVED:{phase1_sum_del_coeffs=-0.0177603}

SAVED:{phase2_sum_del_coeffs=-0.152976}

SAVED:{phase3_sum_del_coeffs=-0.144125}

--> Simulation 67
SAVED:{phase1_fitness=0.863212}

SAVED:{phase2_fitness=1.04694}

SAVED:{phase3_fitness=0.85979}

SAVED:{phase1_final_pop_size=4471}

SAVED:{phase2_final_pop_size=38}

SAVED:{phase3_final_pop_size=4052}

SAVED:{phase1_sum_del_coeffs=-0.0178906}

SAVED:{phase2_sum_del_coeffs=-0.238553}

SAVED:{phase3_sum_del_coeffs=-0.228372}

--> Simulation 43
SAVED:{phase1_fitness=0.868628}

SAVED:{phase2_fitness=0.780878}

SAVED:{phase3_fitness=0.847476}

SAVED:{phase1_final_pop_size=4491}

SAVED:{phase2_final_pop_size=43}

SAVED:{phase3_final_pop_size=4059}

SAVED:{phase1_sum_del_coeffs=-0.0182334}

SAVED:{phase2_sum_del_coeffs=-0.230512}

SAVED:{phase3_sum_del_coeffs=-0.214477}

--> Simulation 55
SAVED:{phase1_fitness=0.866476}

SAVED:{phase2_fitness=0.802658}

SAVED:{phase3_fitness=0.85796}

SAVED:{phase1_final_pop_size=4501}

SAVED:{phase2_final_pop_size=40}

SAVED:{phase3_final_pop_size=4042}

SAVED:{phase1_sum_del_coeffs=-0.0176843}

SAVED:{phase2_sum_del_coeffs=-0.238525}

SAVED:{phase3_sum_del_coeffs=-0.229817}

--> Simulation 70
SAVED:{phase1_fitness=0.859712}

SAVED:{phase2_fitness=0.766764}

SAVED:{phase3_fitness=0.864478}

SAVED:{phase1_final_pop_size=4521}

SAVED:{phase2_final_pop_size=42}

SAVED:{phase3_final_pop_size=4135}

SAVED:{phase1_sum_del_coeffs=-0.0168923}

SAVED:{phase2_sum_del_coeffs=-0.202667}

SAVED:{phase3_sum_del_coeffs=-0.187693}

--> Simulation 61
SAVED:{phase1_fitness=0.857743}

SAVED:{phase2_fitness=0.889557}

SAVED:{phase3_fitness=0.852965}

SAVED:{phase1_final_pop_size=4483}

SAVED:{phase2_final_pop_size=35}

SAVED:{phase3_final_pop_size=3886}

SAVED:{phase1_sum_del_coeffs=-0.0192668}

SAVED:{phase2_sum_del_coeffs=-0.3034}

SAVED:{phase3_sum_del_coeffs=-0.313725}

--> Simulation 64
SAVED:{phase1_fitness=0.854013}

SAVED:{phase2_fitness=0.917332}

SAVED:{phase3_fitness=0.858008}

SAVED:{phase1_final_pop_size=4483}

SAVED:{phase2_final_pop_size=44}

SAVED:{phase3_final_pop_size=4203}

SAVED:{phase1_sum_del_coeffs=-0.0170964}

SAVED:{phase2_sum_del_coeffs=-0.168636}

SAVED:{phase3_sum_del_coeffs=-0.158244}

--> Simulation 38
SAVED:{phase1_fitness=0.868342}

SAVED:{phase2_fitness=0.986332}

SAVED:{phase3_fitness=0.855992}

SAVED:{phase1_final_pop_size=4502}

SAVED:{phase2_final_pop_size=40}

SAVED:{phase3_final_pop_size=4089}

SAVED:{phase1_sum_del_coeffs=-0.0171315}

SAVED:{phase2_sum_del_coeffs=-0.231175}

SAVED:{phase3_sum_del_coeffs=-0.21535}

--> Simulation 53
SAVED:{phase1_fitness=0.85947}

SAVED:{phase2_fitness=0.73965}

SAVED:{phase3_fitness=0.861177}

SAVED:{phase1_final_pop_size=4444}

SAVED:{phase2_final_pop_size=37}

SAVED:{phase3_final_pop_size=4004}

SAVED:{phase1_sum_del_coeffs=-0.0193807}

SAVED:{phase2_sum_del_coeffs=-0.244811}

SAVED:{phase3_sum_del_coeffs=-0.217493}

--> Simulation 41
SAVED:{phase1_fitness=0.869188}

SAVED:{phase2_fitness=0.758443}

SAVED:{phase3_fitness=0.856127}

SAVED:{phase1_final_pop_size=4488}

SAVED:{phase2_final_pop_size=45}

SAVED:{phase3_final_pop_size=4220}

SAVED:{phase1_sum_del_coeffs=-0.0173347}

SAVED:{phase2_sum_del_coeffs=-0.173444}

SAVED:{phase3_sum_del_coeffs=-0.1712}

--> Simulation 47
SAVED:{phase1_fitness=0.850509}

SAVED:{phase2_fitness=0.893948}

SAVED:{phase3_fitness=0.871156}

SAVED:{phase1_final_pop_size=4456}

SAVED:{phase2_final_pop_size=40}

SAVED:{phase3_final_pop_size=4057}

SAVED:{phase1_sum_del_coeffs=-0.0162684}

SAVED:{phase2_sum_del_coeffs=-0.221725}

SAVED:{phase3_sum_del_coeffs=-0.214298}

--> Simulation 68
SAVED:{phase1_fitness=0.852135}

SAVED:{phase2_fitness=0.801871}

SAVED:{phase3_fitness=0.852548}

SAVED:{phase1_final_pop_size=4468}

SAVED:{phase2_final_pop_size=40}

SAVED:{phase3_final_pop_size=4170}

SAVED:{phase1_sum_del_coeffs=-0.0219212}

SAVED:{phase2_sum_del_coeffs=-0.17955}

SAVED:{phase3_sum_del_coeffs=-0.15954}

--> Simulation 44
SAVED:{phase1_fitness=0.867839}

SAVED:{phase2_fitness=0.823062}

SAVED:{phase3_fitness=0.855701}

SAVED:{phase1_final_pop_size=4533}

SAVED:{phase2_final_pop_size=40}

SAVED:{phase3_final_pop_size=4103}

SAVED:{phase1_sum_del_coeffs=-0.0172707}

SAVED:{phase2_sum_del_coeffs=-0.1953}

SAVED:{phase3_sum_del_coeffs=-0.201342}

--> Simulation 50
SAVED:{phase1_fitness=0.849485}

SAVED:{phase2_fitness=0.786429}

SAVED:{phase3_fitness=0.865264}

SAVED:{phase1_final_pop_size=4460}

SAVED:{phase2_final_pop_size=40}

SAVED:{phase3_final_pop_size=3901}

SAVED:{phase1_sum_del_coeffs=-0.0186081}

SAVED:{phase2_sum_del_coeffs=-0.2751}

SAVED:{phase3_sum_del_coeffs=-0.269187}

--> Simulation 59
SAVED:{phase1_fitness=0.859495}

SAVED:{phase2_fitness=1.02864}

SAVED:{phase3_fitness=0.860336}

SAVED:{phase1_final_pop_size=4496}

SAVED:{phase2_final_pop_size=40}

SAVED:{phase3_final_pop_size=4086}

SAVED:{phase1_sum_del_coeffs=-0.0166795}

SAVED:{phase2_sum_del_coeffs=-0.1967}

SAVED:{phase3_sum_del_coeffs=-0.200552}

--> Simulation 56
SAVED:{phase1_fitness=0.859668}

SAVED:{phase2_fitness=1.00234}

SAVED:{phase3_fitness=0.86024}

SAVED:{phase1_final_pop_size=4508}

SAVED:{phase2_final_pop_size=41}

SAVED:{phase3_final_pop_size=4049}

SAVED:{phase1_sum_del_coeffs=-0.018396}

SAVED:{phase2_sum_del_coeffs=-0.209659}

SAVED:{phase3_sum_del_coeffs=-0.21298}

--> Simulation 71
SAVED:{phase1_fitness=0.857299}

SAVED:{phase2_fitness=0.856142}

SAVED:{phase3_fitness=0.864631}

SAVED:{phase1_final_pop_size=4458}

SAVED:{phase2_final_pop_size=40}

SAVED:{phase3_final_pop_size=4141}

SAVED:{phase1_sum_del_coeffs=-0.0185049}

SAVED:{phase2_sum_del_coeffs=-0.1981}

SAVED:{phase3_sum_del_coeffs=-0.186674}

--> Simulation 65
SAVED:{phase1_fitness=0.864827}

SAVED:{phase2_fitness=1.12187}

SAVED:{phase3_fitness=0.859336}

SAVED:{phase1_final_pop_size=4476}

SAVED:{phase2_final_pop_size=37}

SAVED:{phase3_final_pop_size=4110}

SAVED:{phase1_sum_del_coeffs=-0.0189341}

SAVED:{phase2_sum_del_coeffs=-0.196}

SAVED:{phase3_sum_del_coeffs=-0.185992}

--> Simulation 62
SAVED:{phase1_fitness=0.848332}

SAVED:{phase2_fitness=1.028}

SAVED:{phase3_fitness=0.868809}

SAVED:{phase1_final_pop_size=4473}

SAVED:{phase2_final_pop_size=41}

SAVED:{phase3_final_pop_size=4164}

SAVED:{phase1_sum_del_coeffs=-0.0172003}

SAVED:{phase2_sum_del_coeffs=-0.187805}

SAVED:{phase3_sum_del_coeffs=-0.188509}

--> Simulation 39
SAVED:{phase1_fitness=0.854304}

SAVED:{phase2_fitness=0.951252}

SAVED:{phase3_fitness=0.843962}

SAVED:{phase1_final_pop_size=4502}

SAVED:{phase2_final_pop_size=40}

SAVED:{phase3_final_pop_size=4143}

SAVED:{phase1_sum_del_coeffs=-0.0193099}

SAVED:{phase2_sum_del_coeffs=-0.1729}

SAVED:{phase3_sum_del_coeffs=-0.171028}

--> Simulation 54
SAVED:{phase1_fitness=0.861044}

SAVED:{phase2_fitness=0.799056}

SAVED:{phase3_fitness=0.848901}

SAVED:{phase1_final_pop_size=4511}

SAVED:{phase2_final_pop_size=38}

SAVED:{phase3_final_pop_size=4139}

SAVED:{phase1_sum_del_coeffs=-0.0175303}

SAVED:{phase2_sum_del_coeffs=-0.190842}

SAVED:{phase3_sum_del_coeffs=-0.186245}

--> Simulation 42
SAVED:{phase1_fitness=0.856481}

SAVED:{phase2_fitness=1.00669}

SAVED:{phase3_fitness=0.857537}

SAVED:{phase1_final_pop_size=4470}

SAVED:{phase2_final_pop_size=37}

SAVED:{phase3_final_pop_size=3843}

SAVED:{phase1_sum_del_coeffs=-0.0202013}

SAVED:{phase2_sum_del_coeffs=-0.326541}

SAVED:{phase3_sum_del_coeffs=-0.311616}

--> Simulation 48
SAVED:{phase1_fitness=0.853431}

SAVED:{phase2_fitness=0.812035}

SAVED:{phase3_fitness=0.850442}

SAVED:{phase1_final_pop_size=4509}

SAVED:{phase2_final_pop_size=41}

SAVED:{phase3_final_pop_size=4151}

SAVED:{phase1_sum_del_coeffs=-0.0164731}

SAVED:{phase2_sum_del_coeffs=-0.164244}

SAVED:{phase3_sum_del_coeffs=-0.17227}

--> Simulation 45
SAVED:{phase1_fitness=0.855687}

SAVED:{phase2_fitness=0.863026}

SAVED:{phase3_fitness=0.86042}

SAVED:{phase1_final_pop_size=4450}

SAVED:{phase2_final_pop_size=40}

SAVED:{phase3_final_pop_size=3987}

SAVED:{phase1_sum_del_coeffs=-0.0176133}

SAVED:{phase2_sum_del_coeffs=-0.265825}

SAVED:{phase3_sum_del_coeffs=-0.256911}

--> Simulation 69
SAVED:{phase1_fitness=0.87554}

SAVED:{phase2_fitness=0.942656}

SAVED:{phase3_fitness=0.854619}

SAVED:{phase1_final_pop_size=4454}

SAVED:{phase2_final_pop_size=39}

SAVED:{phase3_final_pop_size=3880}

SAVED:{phase1_sum_del_coeffs=-0.0194897}

SAVED:{phase2_sum_del_coeffs=-0.327744}

SAVED:{phase3_sum_del_coeffs=-0.297177}

--> Simulation 60
SAVED:{phase1_fitness=0.840081}

SAVED:{phase2_fitness=0.92439}

SAVED:{phase3_fitness=0.850503}

SAVED:{phase1_final_pop_size=4464}

SAVED:{phase2_final_pop_size=44}

SAVED:{phase3_final_pop_size=4295}

SAVED:{phase1_sum_del_coeffs=-0.0185067}

SAVED:{phase2_sum_del_coeffs=-0.105159}

SAVED:{phase3_sum_del_coeffs=-0.0867348}

--> Simulation 51
SAVED:{phase1_fitness=0.86883}

SAVED:{phase2_fitness=0.749063}

SAVED:{phase3_fitness=0.858003}

SAVED:{phase1_final_pop_size=4486}

SAVED:{phase2_final_pop_size=39}

SAVED:{phase3_final_pop_size=4100}

SAVED:{phase1_sum_del_coeffs=-0.0193335}

SAVED:{phase2_sum_del_coeffs=-0.200846}

SAVED:{phase3_sum_del_coeffs=-0.199577}

--> Simulation 72
SAVED:{phase1_fitness=0.848575}

SAVED:{phase2_fitness=0.94104}

SAVED:{phase3_fitness=0.85784}

SAVED:{phase1_final_pop_size=4457}

SAVED:{phase2_final_pop_size=41}

SAVED:{phase3_final_pop_size=4200}

SAVED:{phase1_sum_del_coeffs=-0.0201613}

SAVED:{phase2_sum_del_coeffs=-0.161171}

SAVED:{phase3_sum_del_coeffs=-0.159195}

--> Simulation 57
SAVED:{phase1_fitness=0.858306}

SAVED:{phase2_fitness=0.808672}

SAVED:{phase3_fitness=0.863366}

SAVED:{phase1_final_pop_size=4502}

SAVED:{phase2_final_pop_size=31}

SAVED:{phase3_final_pop_size=3943}

SAVED:{phase1_sum_del_coeffs=-0.0200562}

SAVED:{phase2_sum_del_coeffs=-0.318387}

SAVED:{phase3_sum_del_coeffs=-0.285555}

--> Simulation 66
SAVED:{phase1_fitness=0.863472}

SAVED:{phase2_fitness=0.853634}

SAVED:{phase3_fitness=0.852169}

SAVED:{phase1_final_pop_size=4464}

SAVED:{phase2_final_pop_size=43}

SAVED:{phase3_final_pop_size=3998}

SAVED:{phase1_sum_del_coeffs=-0.018306}

SAVED:{phase2_sum_del_coeffs=-0.286837}

SAVED:{phase3_sum_del_coeffs=-0.257099}

--> Simulation 63
SAVED:{phase1_fitness=0.864048}

SAVED:{phase2_fitness=0.796763}

SAVED:{phase3_fitness=0.864855}

SAVED:{phase1_final_pop_size=4441}

SAVED:{phase2_final_pop_size=37}

SAVED:{phase3_final_pop_size=3983}

SAVED:{phase1_sum_del_coeffs=-0.019274}

SAVED:{phase2_sum_del_coeffs=-0.276973}

SAVED:{phase3_sum_del_coeffs=-0.270652}

--> Simulation 73
SAVED:{phase1_fitness=0.849311}

SAVED:{phase2_fitness=0.795813}

SAVED:{phase3_fitness=0.852968}

SAVED:{phase1_final_pop_size=4491}

SAVED:{phase2_final_pop_size=39}

SAVED:{phase3_final_pop_size=4129}

SAVED:{phase1_sum_del_coeffs=-0.0174306}

SAVED:{phase2_sum_del_coeffs=-0.180744}

SAVED:{phase3_sum_del_coeffs=-0.170709}

--> Simulation 76
SAVED:{phase1_fitness=0.854589}

SAVED:{phase2_fitness=0.844534}

SAVED:{phase3_fitness=0.850448}

SAVED:{phase1_final_pop_size=4537}

SAVED:{phase2_final_pop_size=44}

SAVED:{phase3_final_pop_size=4108}

SAVED:{phase1_sum_del_coeffs=-0.0175764}

SAVED:{phase2_sum_del_coeffs=-0.196159}

SAVED:{phase3_sum_del_coeffs=-0.186316}

--> Simulation 79
SAVED:{phase1_fitness=0.856251}

SAVED:{phase2_fitness=0.877952}

SAVED:{phase3_fitness=0.859726}

SAVED:{phase1_final_pop_size=4476}

SAVED:{phase2_final_pop_size=40}

SAVED:{phase3_final_pop_size=4150}

SAVED:{phase1_sum_del_coeffs=-0.0176517}

SAVED:{phase2_sum_del_coeffs=-0.1617}

SAVED:{phase3_sum_del_coeffs=-0.173337}

--> Simulation 85
SAVED:{phase1_fitness=0.86493}

SAVED:{phase2_fitness=0.930271}

SAVED:{phase3_fitness=0.847839}

SAVED:{phase1_final_pop_size=4542}

SAVED:{phase2_final_pop_size=43}

SAVED:{phase3_final_pop_size=4179}

SAVED:{phase1_sum_del_coeffs=-0.016321}

SAVED:{phase2_sum_del_coeffs=-0.170767}

SAVED:{phase3_sum_del_coeffs=-0.172129}

--> Simulation 88
SAVED:{phase1_fitness=0.862494}

SAVED:{phase2_fitness=0.98612}

SAVED:{phase3_fitness=0.844743}

SAVED:{phase1_final_pop_size=4493}

SAVED:{phase2_final_pop_size=40}

SAVED:{phase3_final_pop_size=4112}

SAVED:{phase1_sum_del_coeffs=-0.0193298}

SAVED:{phase2_sum_del_coeffs=-0.182875}

SAVED:{phase3_sum_del_coeffs=-0.184698}

--> Simulation 82
SAVED:{phase1_fitness=0.84313}

SAVED:{phase2_fitness=0.920063}

SAVED:{phase3_fitness=0.851013}

SAVED:{phase1_final_pop_size=4474}

SAVED:{phase2_final_pop_size=40}

SAVED:{phase3_final_pop_size=4099}

SAVED:{phase1_sum_del_coeffs=-0.0173811}

SAVED:{phase2_sum_del_coeffs=-0.19075}

SAVED:{phase3_sum_del_coeffs=-0.201154}

--> Simulation 91
SAVED:{phase1_fitness=0.854101}

SAVED:{phase2_fitness=0.739424}

SAVED:{phase3_fitness=0.859707}

SAVED:{phase1_final_pop_size=4467}

SAVED:{phase2_final_pop_size=37}

SAVED:{phase3_final_pop_size=4242}

SAVED:{phase1_sum_del_coeffs=-0.0190553}

SAVED:{phase2_sum_del_coeffs=-0.161946}

SAVED:{phase3_sum_del_coeffs=-0.156563}

--> Simulation 94
SAVED:{phase1_fitness=0.861501}

SAVED:{phase2_fitness=0.997951}

SAVED:{phase3_fitness=0.862436}

SAVED:{phase1_final_pop_size=4523}

SAVED:{phase2_final_pop_size=39}

SAVED:{phase3_final_pop_size=3953}

SAVED:{phase1_sum_del_coeffs=-0.0196396}

SAVED:{phase2_sum_del_coeffs=-0.304769}

SAVED:{phase3_sum_del_coeffs=-0.269658}

--> Simulation 97
SAVED:{phase1_fitness=0.850946}

SAVED:{phase2_fitness=1.05475}

SAVED:{phase3_fitness=0.855718}

SAVED:{phase1_final_pop_size=4501}

SAVED:{phase2_final_pop_size=37}

SAVED:{phase3_final_pop_size=3838}

SAVED:{phase1_sum_del_coeffs=-0.0184666}

SAVED:{phase2_sum_del_coeffs=-0.311405}

SAVED:{phase3_sum_del_coeffs=-0.311659}

--> Simulation 100
SAVED:{phase1_fitness=0.837151}

SAVED:{phase2_fitness=0.815755}

SAVED:{phase3_fitness=0.866978}

SAVED:{phase1_final_pop_size=4473}

SAVED:{phase2_final_pop_size=41}

SAVED:{phase3_final_pop_size=3950}

SAVED:{phase1_sum_del_coeffs=-0.0192676}

SAVED:{phase2_sum_del_coeffs=-0.277098}

SAVED:{phase3_sum_del_coeffs=-0.283505}

--> Simulation 74
SAVED:{phase1_fitness=0.858386}

SAVED:{phase2_fitness=1.01798}

SAVED:{phase3_fitness=0.856409}

SAVED:{phase1_final_pop_size=4471}

SAVED:{phase2_final_pop_size=38}

SAVED:{phase3_final_pop_size=4130}

SAVED:{phase1_sum_del_coeffs=-0.0182586}

SAVED:{phase2_sum_del_coeffs=-0.220316}

SAVED:{phase3_sum_del_coeffs=-0.213468}

--> Simulation 80
SAVED:{phase1_fitness=0.853516}

SAVED:{phase2_fitness=0.851038}

SAVED:{phase3_fitness=0.855128}

SAVED:{phase1_final_pop_size=4437}

SAVED:{phase2_final_pop_size=36}

SAVED:{phase3_final_pop_size=4042}

SAVED:{phase1_sum_del_coeffs=-0.0206513}

SAVED:{phase2_sum_del_coeffs=-0.242861}

SAVED:{phase3_sum_del_coeffs=-0.229052}

--> Simulation 86
SAVED:{phase1_fitness=0.864108}

SAVED:{phase2_fitness=0.833244}

SAVED:{phase3_fitness=0.862962}

SAVED:{phase1_final_pop_size=4472}

SAVED:{phase2_final_pop_size=34}

SAVED:{phase3_final_pop_size=4184}

SAVED:{phase1_sum_del_coeffs=-0.0179915}

SAVED:{phase2_sum_del_coeffs=-0.179324}

SAVED:{phase3_sum_del_coeffs=-0.172837}

--> Simulation 89
SAVED:{phase1_fitness=0.855285}

SAVED:{phase2_fitness=0.835832}

SAVED:{phase3_fitness=0.862179}

SAVED:{phase1_final_pop_size=4538}

SAVED:{phase2_final_pop_size=46}

SAVED:{phase3_final_pop_size=4173}

SAVED:{phase1_sum_del_coeffs=-0.0189361}

SAVED:{phase2_sum_del_coeffs=-0.199348}

SAVED:{phase3_sum_del_coeffs=-0.17376}

--> Simulation 92
SAVED:{phase1_fitness=0.85121}

SAVED:{phase2_fitness=0.89603}

SAVED:{phase3_fitness=0.863559}

SAVED:{phase1_final_pop_size=4490}

SAVED:{phase2_final_pop_size=37}

SAVED:{phase3_final_pop_size=4031}

SAVED:{phase1_sum_del_coeffs=-0.0181298}

SAVED:{phase2_sum_del_coeffs=-0.240838}

SAVED:{phase3_sum_del_coeffs=-0.228918}

--> Simulation 77
SAVED:{phase1_fitness=0.857058}

SAVED:{phase2_fitness=0.849773}

SAVED:{phase3_fitness=0.873862}

SAVED:{phase1_final_pop_size=4472}

SAVED:{phase2_final_pop_size=39}

SAVED:{phase3_final_pop_size=3901}

SAVED:{phase1_sum_del_coeffs=-0.0186333}

SAVED:{phase2_sum_del_coeffs=-0.306564}

SAVED:{phase3_sum_del_coeffs=-0.298179}

--> Simulation 83
SAVED:{phase1_fitness=0.844902}

SAVED:{phase2_fitness=0.779339}

SAVED:{phase3_fitness=0.85559}

SAVED:{phase1_final_pop_size=4534}

SAVED:{phase2_final_pop_size=40}

SAVED:{phase3_final_pop_size=3965}

SAVED:{phase1_sum_del_coeffs=-0.018607}

SAVED:{phase2_sum_del_coeffs=-0.26565}

SAVED:{phase3_sum_del_coeffs=-0.270046}

--> Simulation 95
SAVED:{phase1_fitness=0.844589}

SAVED:{phase2_fitness=0.992084}

SAVED:{phase3_fitness=0.862112}

SAVED:{phase1_final_pop_size=4478}

SAVED:{phase2_final_pop_size=41}

SAVED:{phase3_final_pop_size=4109}

SAVED:{phase1_sum_del_coeffs=-0.0172765}

SAVED:{phase2_sum_del_coeffs=-0.192244}

SAVED:{phase3_sum_del_coeffs=-0.186078}

--> Simulation 98
SAVED:{phase1_fitness=0.856635}

SAVED:{phase2_fitness=0.817315}

SAVED:{phase3_fitness=0.850059}

SAVED:{phase1_final_pop_size=4437}

SAVED:{phase2_final_pop_size=41}

SAVED:{phase3_final_pop_size=3982}

SAVED:{phase1_sum_del_coeffs=-0.0190784}

SAVED:{phase2_sum_del_coeffs=-0.244146}

SAVED:{phase3_sum_del_coeffs=-0.228398}

--> Simulation 75
SAVED:{phase1_fitness=0.851594}

SAVED:{phase2_fitness=0.830712}

SAVED:{phase3_fitness=0.840046}

SAVED:{phase1_final_pop_size=4423}

SAVED:{phase2_final_pop_size=37}

SAVED:{phase3_final_pop_size=4058}

SAVED:{phase1_sum_del_coeffs=-0.0179107}

SAVED:{phase2_sum_del_coeffs=-0.228919}

SAVED:{phase3_sum_del_coeffs=-0.21267}

--> Simulation 81
SAVED:{phase1_fitness=0.83873}

SAVED:{phase2_fitness=0.901907}

SAVED:{phase3_fitness=0.842696}

SAVED:{phase1_final_pop_size=4495}

SAVED:{phase2_final_pop_size=44}

SAVED:{phase3_final_pop_size=4077}

SAVED:{phase1_sum_del_coeffs=-0.0187918}

SAVED:{phase2_sum_del_coeffs=-0.186614}

SAVED:{phase3_sum_del_coeffs=-0.184436}

--> Simulation 93
SAVED:{phase1_fitness=0.868307}

SAVED:{phase2_fitness=0.891271}

SAVED:{phase3_fitness=0.877994}

SAVED:{phase1_final_pop_size=4456}

SAVED:{phase2_final_pop_size=37}

SAVED:{phase3_final_pop_size=3897}

SAVED:{phase1_sum_del_coeffs=-0.0184975}

SAVED:{phase2_sum_del_coeffs=-0.32427}

SAVED:{phase3_sum_del_coeffs=-0.313806}

--> Simulation 87
SAVED:{phase1_fitness=0.857304}

SAVED:{phase2_fitness=0.767198}

SAVED:{phase3_fitness=0.875136}

SAVED:{phase1_final_pop_size=4477}

SAVED:{phase2_final_pop_size=36}

SAVED:{phase3_final_pop_size=3963}

SAVED:{phase1_sum_del_coeffs=-0.018478}

SAVED:{phase2_sum_del_coeffs=-0.262889}

SAVED:{phase3_sum_del_coeffs=-0.256469}

--> Simulation 90
SAVED:{phase1_fitness=0.86163}

SAVED:{phase2_fitness=0.780117}

SAVED:{phase3_fitness=0.858935}

SAVED:{phase1_final_pop_size=4497}

SAVED:{phase2_final_pop_size=43}

SAVED:{phase3_final_pop_size=4096}

SAVED:{phase1_sum_del_coeffs=-0.0179195}

SAVED:{phase2_sum_del_coeffs=-0.243047}

SAVED:{phase3_sum_del_coeffs=-0.228854}

--> Simulation 78
SAVED:{phase1_fitness=0.866536}

SAVED:{phase2_fitness=1.04717}

SAVED:{phase3_fitness=0.847907}

SAVED:{phase1_final_pop_size=4473}

SAVED:{phase2_final_pop_size=39}

SAVED:{phase3_final_pop_size=4013}

SAVED:{phase1_sum_del_coeffs=-0.0171674}

SAVED:{phase2_sum_del_coeffs=-0.218615}

SAVED:{phase3_sum_del_coeffs=-0.228145}

--> Simulation 84
SAVED:{phase1_fitness=0.883088}

SAVED:{phase2_fitness=0.834701}

SAVED:{phase3_fitness=0.85063}

SAVED:{phase1_final_pop_size=4441}

SAVED:{phase2_final_pop_size=39}

SAVED:{phase3_final_pop_size=4104}

SAVED:{phase1_sum_del_coeffs=-0.0191858}

SAVED:{phase2_sum_del_coeffs=-0.176615}

SAVED:{phase3_sum_del_coeffs=-0.17404}

--> Simulation 96
SAVED:{phase1_fitness=0.855921}

SAVED:{phase2_fitness=1.03997}

SAVED:{phase3_fitness=0.860566}

SAVED:{phase1_final_pop_size=4472}

SAVED:{phase2_final_pop_size=37}

SAVED:{phase3_final_pop_size=3990}

SAVED:{phase1_sum_del_coeffs=-0.0182936}

SAVED:{phase2_sum_del_coeffs=-0.28}

SAVED:{phase3_sum_del_coeffs=-0.257591}

--> Simulation 99
SAVED:{phase1_fitness=0.871154}

SAVED:{phase2_fitness=1.0354}

SAVED:{phase3_fitness=0.853304}

SAVED:{phase1_final_pop_size=4490}

SAVED:{phase2_final_pop_size=37}

SAVED:{phase3_final_pop_size=3905}

SAVED:{phase1_sum_del_coeffs=-0.0179568}

SAVED:{phase2_sum_del_coeffs=-0.268649}

SAVED:{phase3_sum_del_coeffs=-0.285342}


-- AVERAGES --
Average of phase1_fitness: 0.85734871
Average of phase2_fitness: 0.89013499
Average of phase3_fitness: 0.85816309
Average of phase1_final_pop_size: 4482.51
Average of phase2_final_pop_size: 39.61
Average of phase3_final_pop_size: 4053.94
Average of phase1_sum_del_coeffs: -0.018414194
Average of phase2_sum_del_coeffs: -0.22947099
Average of phase3_sum_del_coeffs: -0.220863368
